#Numerical average free-atom electrostatic potential in [eV]:   -15.72686778
#Average real-space part of the electrostatic  potential in [eV]:     0.19354478
  #z-coordinate (Ang)  plane-average (hartree)
 0.830279103669993024E-01 -0.922041349011350708
 0.249083731100999323 -0.527782336939153995
 0.415139551834999343 -0.368422123335234497
 0.581195372568999336 -0.313456389596541485
 0.747251193302999384 -0.318220010798566599
 0.913307014036999321 -0.377974059010737662
 1.07936283477099937 -0.518332961408372150
 1.24541865550499931 -0.846002521514012562
 1.41147447623899946 -1.29072096604253206
 1.57753029697299940 -0.705305516758125250
 1.74358611770699956 -0.461776815039530886
 1.90964193844099950 -0.356479696193237994
 2.07569775917499966 -0.318883865466877914
 2.24175357990899959 -0.336463083770434768
 2.40780940064299953 -0.425038719521689756
 2.57386522137699947 -0.656962002275573997
 2.73992104211099941 -1.21325003817599364
 2.90597686284499979 -0.792921293108669989
 3.07203268357899928 -0.481010579022250195
 3.23808850431299966 -0.357561241443667466
 3.40414432504699960 -0.320227113842033728
 3.57020014578099998 -0.339824964152250442
 3.73625596651499947 -0.419392861277621043
 3.90231178724899941 -0.602637816047534303
 4.06836760798299935 -1.04003094117452655
 4.23442342871700017 -1.04011475152980681
 4.40047924945099922 -0.602892648182009050
 4.56653507018500004 -0.419829459013109862
 4.73259089091899998 -0.340459591312061161
 4.89864671165299903 -0.321083105934837965
 5.06470253238699986 -0.358670367994032402
 5.23075835312099979 -0.482404074361112267
 5.39681417385499973 -0.794625148323126140
 5.56286999458899967 -1.21528111180698684
 5.72892581532299960 -0.659309846942276678
 5.89498163605700043 -0.427678981511067202
 6.06103745679099948 -0.339377388594266804
 6.22709327752499942 -0.322066183325811495
 6.39314909825900024 -0.359947170170115183
 6.55920491899300018 -0.465574756315476956
 6.72526073972699923 -0.709510512187651821
 6.89131656046100005 -1.29545951216052768
 7.05737238119499999 -0.851490441445529767
 7.22342820192899993 -0.524907741470750810
 7.38948402266299986 -0.386135633287958857
 7.55553984339699980 -0.328705389760638789
 7.72159566413100062 -0.327413737592784415
 7.88765148486499967 -0.387981059406190321
 8.05370730559899961 -0.558092978007287854
 8.21976312633299955 -0.974944803817075600
 8.38581894706699948 -0.974944803816907402
 8.55187476780099942 -0.558092978006770601
 8.71793058853499936 -0.387981059405329898
 8.88398640926900107 -0.327413737591572329
 9.05004223000300101 -0.328705389759084587
 9.21609805073699917 -0.386135633286060265
 9.38215387147099911 -0.524907741468513045
 9.54820969220499904 -0.851490441442940171
 9.71426551293900076 -1.29545951215761623
 9.88032133367300069 -0.709510512184402864
 10.0463771544070006 -0.465574756311926463
 10.2124329751410006 -0.359947170166256991
 10.3784887958749987 -0.322066183321659150
 10.5445446166090004 -0.339377388589833295
 10.7106004373430004 -0.427678981506363021
 10.8766562580770003 -0.659309846937326527
 11.0427120788110003 -1.21528111180179699
 11.2087678995450002 -0.794625148317692265
 11.3748237202790001 -0.482404074355458679
 11.5408795410130001 -0.358670367988173810
 11.7069353617470000 -0.321083105928791634
 11.8729911824809999 -0.340459591305837639
 12.0390470032149999 -0.419829459006734018
 12.2051028239489998 -0.602892648175496038
 12.3711586446830015 -1.04011475152317923
 12.5372144654170015 -1.04003094116780881
 12.7032702861509996 -0.602637816040734520
 12.8693261068849996 -0.419392861270776185
 13.0353819276189995 -0.339824964145388153
 13.2014377483530012 -0.320227113835171329
 13.3674935690870011 -0.357561241436833210
 13.5335493898210011 -0.481010579015456741
 13.6996052105550010 -0.792921293101941371
 13.8656610312889992 -1.21325003816936916
 14.0317168520229991 -0.656962002269054546
 14.1977726727570008 -0.425038719515299201
 14.3638284934910008 -0.336463083764210413
 14.5298843142250007 -0.318883865460843408
 14.6959401349590006 -0.356479696187431638
 14.8619959556930006 -0.461776815033993926
 15.0280517764270005 -0.705305516752900763
 15.1941075971610005 -1.29072096603765574
 15.3601634178950004 -0.846002521509572003
 15.5262192386290003 -0.518332961404395443
 15.6922750593630003 -0.377974059007278707
 15.8583308800970020 -0.318220010795669861
 16.0243867008310019 -0.313456389594250429
 16.1904425215650001 -0.368422123333577267
 16.3564983422990018 -0.527782336938150021
 16.5225541630330000 -0.922041349011017197
