#Numerical average free-atom electrostatic potential in [eV]:   -15.72686778
#Average real-space part of the electrostatic  potential in [eV]:     0.22587722
  #z-coordinate (Ang)  plane-average (hartree)
 0.830279103669993024E-01 -0.921438705378900491
 0.249083731100999323 -0.527169049985306226
 0.415139551834999343 -0.367790877495375257
 0.581195372568999336 -0.312804465405804311
 0.747251193302999384 -0.317551804894835477
 0.913307014036999321 -0.377299668125864518
 1.07936283477099937 -0.517663743822958211
 1.24541865550499931 -0.845348931011887350
 1.41147447623899946 -1.29009385970537749
 1.57753029697299940 -0.704714195779501451
 1.74358611770699956 -0.461228058521015283
 1.90964193844099950 -0.355980381953021563
 2.07569775917499966 -0.318440637497414081
 2.24175357990899959 -0.336081704341738008
 2.40780940064299953 -0.424722067829017058
 2.57386522137699947 -0.656708766297895430
 2.73992104211099941 -1.21305658913277914
 2.90597686284499979 -0.792779721692118300
 3.07203268357899928 -0.480910430336434935
 3.23808850431299966 -0.357492233035469120
 3.40414432504699960 -0.320181977790061800
 3.57020014578099998 -0.339801134650963454
 3.73625596651499947 -0.419391433597805119
 3.90231178724899941 -0.602660043582576632
 4.06836760798299935 -1.04007770464289728
 4.23442342871700017 -1.04018737093399150
 4.40047924945099922 -0.602991554485502013
 4.56653507018500004 -0.419955176833618216
 4.73259089091899998 -0.340614092641886745
 4.89864671165299903 -0.321270402718381254
 5.06470253238699986 -0.358895150691355302
 5.23075835312099979 -0.482668744038622866
 5.39681417385499973 -0.794929088991373489
 5.56286999458899967 -1.21562197859205612
 5.72892581532299960 -0.659681988720167256
 5.89498163605700043 -0.428075069762045290
 6.06103745679099948 -0.339791042091208362
 6.22709327752499942 -0.322493918748896768
 6.39314909825900024 -0.360388379347933996
 6.55920491899300018 -0.466029588232275471
 6.72526073972699923 -0.709977693719949898
 6.89131656046100005 -1.29593746821650102
 7.05737238119499999 -0.851977671112455703
 7.22342820192899993 -0.525402495018551741
 7.38948402266299986 -0.386636676046035799
 7.55553984339699980 -0.329213269466218095
 7.72159566413100062 -0.327930385188582252
 7.88765148486499967 -0.388507470744342831
 8.05370730559899961 -0.558627364634156964
 8.21976312633299955 -0.975483431661689826
 8.38581894706699948 -0.975483431661882561
 8.55187476780099942 -0.558627364634707746
 8.71793058853499936 -0.388507470745263039
 8.88398640926900107 -0.327930385189870055
 9.05004223000300101 -0.329213269467878655
 9.21609805073699917 -0.386636676048066508
 9.38215387147099911 -0.525402495020949156
 9.54820969220499904 -0.851977671115205726
 9.71426551293900076 -1.29593746821961187
 9.88032133367300069 -0.709977693723407577
 10.0463771544070006 -0.466029588236077041
 10.2124329751410006 -0.360388379352059585
 10.3784887958749987 -0.322493918753339881
 10.5445446166090004 -0.339791042095954343
 10.7106004373430004 -0.428075069767081817
 10.8766562580770003 -0.659681988725490220
 11.0427120788110003 -1.21562197859765297
 11.2087678995450002 -0.794929088997200273
 11.3748237202790001 -0.482668744044693288
 11.5408795410130001 -0.358895150697649545
 11.7069353617470000 -0.321270402724881776
 11.8729911824809999 -0.340614092648583278
 12.0390470032149999 -0.419955176840489108
 12.2051028239489998 -0.602991554492533166
 12.3711586446830015 -1.04018737094115576
 12.5372144654170015 -1.04007770465016991
 12.7032702861509996 -0.602660043589920091
 12.8693261068849996 -0.419391433605210640
 13.0353819276189995 -0.339801134658401727
 13.2014377483530012 -0.320181977797509065
 13.3674935690870011 -0.357492233042899066
 13.5335493898210011 -0.480910430343823747
 13.6996052105550010 -0.792779721699448103
 13.8656610312889992 -1.21305658914005154
 14.0317168520229991 -0.656708766305042824
 14.1977726727570008 -0.424722067836024619
 14.3638284934910008 -0.336081704348580257
 14.5298843142250007 -0.318440637504053603
 14.6959401349590006 -0.355980381959418724
 14.8619959556930006 -0.461228058527128615
 15.0280517764270005 -0.704714195785271613
 15.1941075971610005 -1.29009385971075985
 15.3601634178950004 -0.845348931016843164
 15.5262192386290003 -0.517663743827389777
 15.6922750593630003 -0.377299668129726096
 15.8583308800970020 -0.317551804898066892
 16.0243867008310019 -0.312804465408363763
 16.1904425215650001 -0.367790877497226276
 16.3564983422990018 -0.527169049986419336
 16.5225541630330000 -0.921438705379273415
