#Numerical average free-atom electrostatic potential in [eV]:   -15.72686778
#Average real-space part of the electrostatic  potential in [eV]:     0.25796449
  #z-coordinate (Ang)  plane-average (hartree)
 0.830279103669993024E-01 -0.920593249681766590
 0.249083731100999323 -0.526311547079604036
 0.415139551834999343 -0.366913421504955872
 0.581195372568999336 -0.311904488069274344
 0.747251193302999384 -0.316635069653966816
 0.913307014036999321 -0.376378825824686514
 1.07936283477099937 -0.516753044110078497
 1.24541865550499931 -0.844461565912827061
 1.41147447623899946 -1.28924336212996549
 1.57753029697299940 -0.703911635383800971
 1.74358611770699956 -0.460481297975640635
 1.90964193844099950 -0.355297312305301261
 2.07569775917499966 -0.317828600017830531
 2.24175357990899959 -0.335547554640674928
 2.40780940064299953 -0.424270512799024169
 2.57386522137699947 -0.656340715612785175
 2.73992104211099941 -1.21277083863232082
 2.90597686284499979 -0.792569853282312997
 3.07203268357899928 -0.480765378713460367
 3.23808850431299966 -0.357400212290781671
 3.40414432504699960 -0.320133476055334043
 3.57020014578099998 -0.339790837172649518
 3.73625596651499947 -0.419417891629141726
 3.90231178724899941 -0.602722208736474419
 4.06836760798299935 -1.04017438239432547
 4.23442342871700017 -1.04031813041321719
 4.40047924945099922 -0.603155246978317905
 4.56653507018500004 -0.420151046558453090
 4.73259089091899998 -0.340843198147733895
 4.89864671165299903 -0.321536425356645450
 5.06470253238699986 -0.359203527978208148
 5.23075835312099979 -0.483023543111324782
 5.39681417385499973 -0.795331837989222135
 5.56286999458899967 -1.21607262517034753
 5.72892581532299960 -0.660176294053908985
 5.89498163605700043 -0.428605766255457210
 6.06103745679099948 -0.340351312586644583
 6.22709327752499942 -0.323079075415107053
 6.39314909825900024 -0.360996063660884381
 6.55920491899300018 -0.466658094106339127
 6.72526073972699923 -0.710623920935941955
 6.89131656046100005 -1.29659817180446635
 7.05737238119499999 -0.852649825394900862
 7.22342820192899993 -0.526082935410166930
 7.38948402266299986 -0.387322849824294324
 7.55553984339699980 -0.329904539437854250
 7.72159566413100062 -0.328627849069400346
 7.88765148486499967 -0.389211951266155987
 8.05370730559899961 -0.559337578373250155
 8.21976312633299955 -0.976196565490638934
 8.38581894706699948 -0.976196565494951374
 8.55187476780099942 -0.559337578386189471
 8.71793058853499936 -0.389211951287799007
 8.88398640926900107 -0.328627849099790870
 9.05004223000300101 -0.329904539477020697
 9.21609805073699917 -0.387322849872226038
 9.38215387147099911 -0.526082935466797297
 9.54820969220499904 -0.852649825460118471
 9.71426551293900076 -1.29659817187814497
 9.88032133367300069 -0.710623921017883076
 10.0463771544070006 -0.466658094196333972
 10.2124329751410006 -0.360996063758686037
 10.3784887958749987 -0.323079075520433967
 10.5445446166090004 -0.340351312699168240
 10.7106004373430004 -0.428605766374864361
 10.8766562580770003 -0.660176294179881440
 11.0427120788110003 -1.21607262530253801
 11.2087678995450002 -0.795331838127235513
 11.3748237202790001 -0.483023543254856746
 11.5408795410130001 -0.359203528126942007
 11.7069353617470000 -0.321536425510229373
 11.8729911824809999 -0.340843198305772199
 12.0390470032149999 -0.420151046720509957
 12.2051028239489998 -0.603155247143942419
 12.3711586446830015 -1.04031813058191447
 12.5372144654170015 -1.04017438256552786
 12.7032702861509996 -0.602722208909581392
 12.8693261068849996 -0.419417891803595566
 13.0353819276189995 -0.339790837347876573
 13.2014377483530012 -0.320133476230743230
 13.3674935690870011 -0.357400212465807388
 13.5335493898210011 -0.480765378887581918
 13.6996052105550010 -0.792569853455005746
 13.8656610312889992 -1.21277083880303316
 14.0317168520229991 -0.656340715780826534
 14.1977726727570008 -0.424270512963708213
 14.3638284934910008 -0.335547554801273629
 14.5298843142250007 -0.317828600173510167
 14.6959401349590006 -0.355297312455111203
 14.8619959556930006 -0.460481298118545879
 15.0280517764270005 -0.703911635518674417
 15.1941075971610005 -1.28924336225556480
 15.3601634178950004 -0.844461566027748578
 15.5262192386290003 -0.516753044212890145
 15.6922750593630003 -0.376378825914105319
 15.8583308800970020 -0.316635069728782192
 16.0243867008310019 -0.311904488128435464
 16.1904425215650001 -0.366913421547687302
 16.3564983422990018 -0.526311547105415278
 16.5225541630330000 -0.920593249690400794
