#Numerical average free-atom electrostatic potential in [eV]:   -15.72686778
#Average real-space part of the electrostatic  potential in [eV]:     0.28969647
  #z-coordinate (Ang)  plane-average (hartree)
 0.830279103669993024E-01 -0.919518078842149089
 0.249083731100999323 -0.525222877385116638
 0.415139551834999343 -0.365802790627572427
 0.581195372568999336 -0.310769567474793285
 0.747251193302999384 -0.315483233290988097
 0.913307014036999321 -0.375225604882017838
 1.07936283477099937 -0.515615758586645878
 1.24541865550499931 -0.843356075872400690
 1.41147447623899946 -1.28818556816931307
 1.57753029697299940 -0.702913732908000077
 1.74358611770699956 -0.459551552671308927
 1.90964193844099950 -0.354443940462884466
 2.07569775917499966 -0.317058993934707156
 2.24175357990899959 -0.334869191320410931
 2.40780940064299953 -0.423689805933458119
 2.57386522137699947 -0.655861071265676276
 2.73992104211099941 -1.21239404117876814
 2.90597686284499979 -0.792291901895530559
 3.07203268357899928 -0.480575531606774520
 3.23808850431299966 -0.357285901257291871
 3.40414432504699960 -0.320083401633977693
 3.57020014578099998 -0.339797037339742591
 3.73625596651499947 -0.419476192995303865
 3.90231178724899941 -0.602828963372266435
 4.06836760798299935 -1.04032591089883919
 4.23442342871700017 -1.04051183555496829
 4.40047924945099922 -0.603388031025533511
 4.56653507018500004 -0.420420481704484261
 4.73259089091899998 -0.341149061820391841
 4.89864671165299903 -0.321881688878826178
 5.06470253238699986 -0.359594021330698177
 5.23075835312099979 -0.483464772659171094
 5.39681417385499973 -0.795827414080247375
 5.56286999458899967 -1.21662489131834906
 5.72892581532299960 -0.660782794607649882
 5.89498163605700043 -0.429259750970843901
 6.06103745679099948 -0.341045918608347320
 6.22709327752499942 -0.323808707147620556
 6.39314909825900024 -0.361756781005537154
 6.55920491899300018 -0.467446433770927872
 6.72526073972699923 -0.711435048098878253
 6.89131656046100005 -1.29742724263427833
 7.05737238119499999 -0.853492417304771878
 7.22342820192899993 -0.526934588029918438
 7.38948402266299986 -0.388179789662693731
 7.55553984339699980 -0.330764997726799348
 7.72159566413100062 -0.329492054961457115
 7.88765148486499967 -0.390080476829010703
 8.05370730559899961 -0.560209585000664645
 8.21976312633299955 -0.977070148728763521
 8.38581894706699948 -0.977070148728772292
 8.55187476780099942 -0.560209585000658761
 8.71793058853499936 -0.390080476829010592
 8.88398640926900107 -0.329492054961453729
 9.05004223000300101 -0.330764997726799514
 9.21609805073699917 -0.388179789662694841
 9.38215387147099911 -0.526934588029917772
 9.54820969220499904 -0.853492417304764217
 9.71426551293900076 -1.29742724263427545
 9.88032133367300069 -0.711435048098871259
 10.0463771544070006 -0.467446433770929093
 10.2124329751410006 -0.361756781005537487
 10.3784887958749987 -0.323808707147620334
 10.5445446166090004 -0.341045918608346210
 10.7106004373430004 -0.429259750970839904
 10.8766562580770003 -0.660782794607655433
 11.0427120788110003 -1.21662489131837037
 11.2087678995450002 -0.795827414080242157
 11.3748237202790001 -0.483464772659168818
 11.5408795410130001 -0.359594021330695290
 11.7069353617470000 -0.321881688878824845
 11.8729911824809999 -0.341149061820391786
 12.0390470032149999 -0.420420481704484983
 12.2051028239489998 -0.603388031025535621
 12.3711586446830015 -1.04051183555497428
 12.5372144654170015 -1.04032591089884763
 12.7032702861509996 -0.602828963372260551
 12.8693261068849996 -0.419476192995297592
 13.0353819276189995 -0.339797037339739316
 13.2014377483530012 -0.320083401633974196
 13.3674935690870011 -0.357285901257287763
 13.5335493898210011 -0.480575531606770801
 13.6996052105550010 -0.792291901895525230
 13.8656610312889992 -1.21239404117877592
 14.0317168520229991 -0.655861071265680162
 14.1977726727570008 -0.423689805933461339
 14.3638284934910008 -0.334869191320410986
 14.5298843142250007 -0.317058993934705713
 14.6959401349590006 -0.354443940462883633
 14.8619959556930006 -0.459551552671311592
 15.0280517764270005 -0.702913732907994304
 15.1941075971610005 -1.28818556816930485
 15.3601634178950004 -0.843356075872404465
 15.5262192386290003 -0.515615758586649986
 15.6922750593630003 -0.375225604882020725
 15.8583308800970020 -0.315483233290989318
 16.0243867008310019 -0.310769567474795005
 16.1904425215650001 -0.365802790627568541
 16.3564983422990018 -0.525222877385111198
 16.5225541630330000 -0.919518078842150532
