#Numerical average free-atom electrostatic potential in [eV]:   -15.79737213
#Average real-space part of the electrostatic  potential in [eV]:     0.19830477
  #z-coordinate (Ang)  plane-average (hartree)
 0.830279103669993024E-01 -0.973532151743076390
 0.249083731100999323 -0.556671716074086720
 0.415139551834999343 -0.386545585318624096
 0.581195372568999336 -0.325961933654984104
 0.747251193302999384 -0.327240171749011433
 0.913307014036999321 -0.384664111458831171
 1.07936283477099937 -0.523438273335192883
 1.24541865550499931 -0.850031167575092006
 1.41147447623899946 -1.29401842308784998
 1.57753029697299940 -0.708096014564295939
 1.74358611770699956 -0.464196950900690630
 1.90964193844099950 -0.358617834995705598
 2.07569775917499966 -0.320798455529994753
 2.24175357990899959 -0.338184066009596995
 2.40780940064299953 -0.426568205682567259
 2.57386522137699947 -0.658283128777114257
 2.73992104211099941 -1.21433539448333527
 2.90597686284499979 -0.793747958756890082
 3.07203268357899928 -0.481578140753797734
 3.23808850431299966 -0.357880916870794930
 3.40414432504699960 -0.320320638930267465
 3.57020014578099998 -0.339723334356892115
 3.73625596651499947 -0.419127861672960900
 3.90231178724899941 -0.602238930624622748
 4.06836760798299935 -1.03952526435092651
 4.23442342871700017 -1.03952526436604265
 4.40047924945099922 -0.602238930669834138
 4.56653507018500004 -0.419127861747927377
 4.73259089091899998 -0.339723334461027315
 4.89864671165299903 -0.320320639062712520
 5.06470253238699986 -0.357880917030416190
 5.23075835312099979 -0.481578140939370014
 5.39681417385499973 -0.793747958967145451
 5.56286999458899967 -1.21433539471701635
 5.72892581532299960 -0.658283129033215175
 5.89498163605700043 -0.426568205960381308
 6.06103745679099948 -0.338184066308470477
 6.22709327752499942 -0.320798455849222119
 6.39314909825900024 -0.358617835334459290
 6.55920491899300018 -0.464196951258318224
 6.72526073972699923 -0.708096014939659568
 6.89131656046100005 -1.29401842347959617
 7.05737238119499999 -0.850031167981669333
 7.22342820192899993 -0.523438273754971095
 7.38948402266299986 -0.384664111890179683
 7.55553984339699980 -0.327240172190185141
 7.72159566413100062 -0.325961934104085915
 7.88765148486499967 -0.386545585773702072
 8.05370730559899961 -0.556671716533244543
 8.21976312633299955 -0.973532152204339196
 8.38581894706699948 -0.973532152216009306
 8.55187476780099942 -0.556671716568412855
 8.71793058853499936 -0.386545585832671179
 8.88398640926900107 -0.325961934187147861
 9.05004223000300101 -0.327240172297560694
 9.21609805073699917 -0.384664112021883497
 9.38215387147099911 -0.523438273910792340
 9.54820969220499904 -0.850031168161212158
 9.71426551293900076 -1.29401842368225029
 9.88032133367300069 -0.708096015164602299
 10.0463771544070006 -0.464196951504609823
 10.2124329751410006 -0.358617835601014512
 10.3784887958749987 -0.320798456134750498
 10.5445446166090004 -0.338184066611479761
 10.7106004373430004 -0.426568206279371032
 10.8766562580770003 -0.658283129366656561
 11.0427120788110003 -1.21433539506326715
 11.2087678995450002 -0.793747959324550445
 11.3748237202790001 -0.481578141306521323
 11.5408795410130001 -0.357880917406037058
 11.7069353617470000 -0.320320639445521860
 11.8729911824809999 -0.339723334849657388
 12.0390470032149999 -0.419127862140962149
 12.2051028239489998 -0.602238931065869454
 12.3711586446830015 -1.03952526476363172
 12.5372144654170015 -1.03952526474851226
 12.7032702861509996 -0.602238931020648627
 12.8693261068849996 -0.419127862065990009
 13.0353819276189995 -0.339723334745514138
 13.2014377483530012 -0.320320639313071864
 13.3674935690870011 -0.357880917246407415
 13.5335493898210011 -0.481578141120947545
 13.6996052105550010 -0.793747959114289414
 13.8656610312889992 -1.21433539482958119
 14.0317168520229991 -0.658283129110554532
 14.1977726727570008 -0.426568206001555261
 14.3638284934910008 -0.338184066312604337
 14.5298843142250007 -0.320798455815519246
 14.6959401349590006 -0.358617835262257767
 14.8619959556930006 -0.464196951146981340
 15.0280517764270005 -0.708096014789236783
 15.1941075971610005 -1.29401842329049610
 15.3601634178950004 -0.850031167754648820
 15.5262192386290003 -0.523438273491018902
 15.6922750593630003 -0.384664111590536206
 15.8583308800970020 -0.327240171856389706
 16.0243867008310019 -0.325961933738046550
 16.1904425215650001 -0.386545585377595424
 16.3564983422990018 -0.556671716109248038
 16.5225541630330000 -0.973532151754741282
